INFO - 2023-08-07 15:40:31 --> Session: Class initialized using 'CodeIgniter\Session\Handlers\FileHandler' driver.
WARNING - 2023-08-07 15:40:31 --> [DEPRECATED] Creation of dynamic property App\Controllers\AuthController::$session is deprecated in APPPATH\Controllers\BaseController.php on line 56.
 1 SYSTEMPATH\CodeIgniter.php(905): App\Controllers\BaseController->initController(Object(CodeIgniter\HTTP\IncomingRequest), Object(CodeIgniter\HTTP\Response), Object(CodeIgniter\Log\Logger))
 2 SYSTEMPATH\CodeIgniter.php(488): CodeIgniter\CodeIgniter->createController()
 3 SYSTEMPATH\CodeIgniter.php(366): CodeIgniter\CodeIgniter->handleRequest(null, Object(Config\Cache), false)
 4 FCPATH\index.php(67): CodeIgniter\CodeIgniter->run()
 5 SYSTEMPATH\Commands\Server\rewrite.php(47): require_once('D:\\software\\xamp\\htdocs\\pro1\\public\\index.php')
ERROR - 2023-08-07 15:40:36 --> Error connecting to the database: mysqli_sql_exception: No connection could be made because the target machine actively refused it in D:\software\xamp\htdocs\pro1\system\Database\MySQLi\Connection.php:173
Stack trace:
#0 D:\software\xamp\htdocs\pro1\system\Database\MySQLi\Connection.php(173): mysqli->real_connect('localhost', 'root', Object(SensitiveParameterValue), 'ci1', 3306, '', 0)
#1 D:\software\xamp\htdocs\pro1\system\Database\BaseConnection.php(391): CodeIgniter\Database\MySQLi\Connection->connect(false)
#2 D:\software\xamp\htdocs\pro1\system\Database\BaseConnection.php(574): CodeIgniter\Database\BaseConnection->initialize()
#3 D:\software\xamp\htdocs\pro1\system\Database\BaseBuilder.php(1616): CodeIgniter\Database\BaseConnection->query('SELECT *\nFROM `...', Array, false)
#4 D:\software\xamp\htdocs\pro1\app\Controllers\AuthController.php(276): CodeIgniter\Database\BaseBuilder->get()
#5 D:\software\xamp\htdocs\pro1\app\Controllers\AuthController.php(16): App\Controllers\AuthController->setcheck()
#6 D:\software\xamp\htdocs\pro1\system\CodeIgniter.php(932): App\Controllers\AuthController->index()
#7 D:\software\xamp\htdocs\pro1\system\CodeIgniter.php(497): CodeIgniter\CodeIgniter->runController(Object(App\Controllers\AuthController))
#8 D:\software\xamp\htdocs\pro1\system\CodeIgniter.php(366): CodeIgniter\CodeIgniter->handleRequest(NULL, Object(Config\Cache), false)
#9 D:\software\xamp\htdocs\pro1\public\index.php(67): CodeIgniter\CodeIgniter->run()
#10 D:\software\xamp\htdocs\pro1\system\Commands\Server\rewrite.php(47): require_once('D:\\software\\xam...')
#11 {main}

Next CodeIgniter\Database\Exceptions\DatabaseException: No connection could be made because the target machine actively refused it in D:\software\xamp\htdocs\pro1\system\Database\MySQLi\Connection.php:218
Stack trace:
#0 D:\software\xamp\htdocs\pro1\system\Database\BaseConnection.php(391): CodeIgniter\Database\MySQLi\Connection->connect(false)
#1 D:\software\xamp\htdocs\pro1\system\Database\BaseConnection.php(574): CodeIgniter\Database\BaseConnection->initialize()
#2 D:\software\xamp\htdocs\pro1\system\Database\BaseBuilder.php(1616): CodeIgniter\Database\BaseConnection->query('SELECT *\nFROM `...', Array, false)
#3 D:\software\xamp\htdocs\pro1\app\Controllers\AuthController.php(276): CodeIgniter\Database\BaseBuilder->get()
#4 D:\software\xamp\htdocs\pro1\app\Controllers\AuthController.php(16): App\Controllers\AuthController->setcheck()
#5 D:\software\xamp\htdocs\pro1\system\CodeIgniter.php(932): App\Controllers\AuthController->index()
#6 D:\software\xamp\htdocs\pro1\system\CodeIgniter.php(497): CodeIgniter\CodeIgniter->runController(Object(App\Controllers\AuthController))
#7 D:\software\xamp\htdocs\pro1\system\CodeIgniter.php(366): CodeIgniter\CodeIgniter->handleRequest(NULL, Object(Config\Cache), false)
#8 D:\software\xamp\htdocs\pro1\public\index.php(67): CodeIgniter\CodeIgniter->run()
#9 D:\software\xamp\htdocs\pro1\system\Commands\Server\rewrite.php(47): require_once('D:\\software\\xam...')
#10 {main}
CRITICAL - 2023-08-07 15:40:36 --> Unable to connect to the database.
Main connection [MySQLi]: No connection could be made because the target machine actively refused it
in SYSTEMPATH\Database\BaseConnection.php on line 427.
 1 SYSTEMPATH\Database\BaseConnection.php(574): CodeIgniter\Database\BaseConnection->initialize()
 2 SYSTEMPATH\Database\BaseBuilder.php(1616): CodeIgniter\Database\BaseConnection->query('SELECT *
FROM `enroll`', [], false)
 3 APPPATH\Controllers\AuthController.php(276): CodeIgniter\Database\BaseBuilder->get()
 4 APPPATH\Controllers\AuthController.php(16): App\Controllers\AuthController->setcheck()
 5 SYSTEMPATH\CodeIgniter.php(932): App\Controllers\AuthController->index()
 6 SYSTEMPATH\CodeIgniter.php(497): CodeIgniter\CodeIgniter->runController(Object(App\Controllers\AuthController))
 7 SYSTEMPATH\CodeIgniter.php(366): CodeIgniter\CodeIgniter->handleRequest(null, Object(Config\Cache), false)
 8 FCPATH\index.php(67): CodeIgniter\CodeIgniter->run()
 9 SYSTEMPATH\Commands\Server\rewrite.php(47): require_once('D:\\software\\xamp\\htdocs\\pro1\\public\\index.php')
INFO - 2023-08-07 15:40:36 --> Session: Class initialized using 'CodeIgniter\Session\Handlers\FileHandler' driver.
INFO - 2023-08-07 15:40:37 --> Session: Class initialized using 'CodeIgniter\Session\Handlers\FileHandler' driver.
WARNING - 2023-08-07 15:40:37 --> [DEPRECATED] Creation of dynamic property App\Controllers\AuthController::$session is deprecated in APPPATH\Controllers\BaseController.php on line 56.
 1 SYSTEMPATH\CodeIgniter.php(905): App\Controllers\BaseController->initController(Object(CodeIgniter\HTTP\IncomingRequest), Object(CodeIgniter\HTTP\Response), Object(CodeIgniter\Log\Logger))
 2 SYSTEMPATH\CodeIgniter.php(488): CodeIgniter\CodeIgniter->createController()
 3 SYSTEMPATH\CodeIgniter.php(366): CodeIgniter\CodeIgniter->handleRequest(null, Object(Config\Cache), false)
 4 FCPATH\index.php(67): CodeIgniter\CodeIgniter->run()
 5 SYSTEMPATH\Commands\Server\rewrite.php(47): require_once('D:\\software\\xamp\\htdocs\\pro1\\public\\index.php')
ERROR - 2023-08-07 15:40:41 --> Error connecting to the database: mysqli_sql_exception: No connection could be made because the target machine actively refused it in D:\software\xamp\htdocs\pro1\system\Database\MySQLi\Connection.php:173
Stack trace:
#0 D:\software\xamp\htdocs\pro1\system\Database\MySQLi\Connection.php(173): mysqli->real_connect('localhost', 'root', Object(SensitiveParameterValue), 'ci1', 3306, '', 0)
#1 D:\software\xamp\htdocs\pro1\system\Database\BaseConnection.php(391): CodeIgniter\Database\MySQLi\Connection->connect(false)
#2 D:\software\xamp\htdocs\pro1\system\Database\BaseConnection.php(574): CodeIgniter\Database\BaseConnection->initialize()
#3 D:\software\xamp\htdocs\pro1\system\Database\BaseBuilder.php(1616): CodeIgniter\Database\BaseConnection->query('SELECT *\nFROM `...', Array, false)
#4 D:\software\xamp\htdocs\pro1\app\Controllers\AuthController.php(276): CodeIgniter\Database\BaseBuilder->get()
#5 D:\software\xamp\htdocs\pro1\app\Controllers\AuthController.php(160): App\Controllers\AuthController->setcheck()
#6 D:\software\xamp\htdocs\pro1\system\CodeIgniter.php(932): App\Controllers\AuthController->login()
#7 D:\software\xamp\htdocs\pro1\system\CodeIgniter.php(497): CodeIgniter\CodeIgniter->runController(Object(App\Controllers\AuthController))
#8 D:\software\xamp\htdocs\pro1\system\CodeIgniter.php(366): CodeIgniter\CodeIgniter->handleRequest(NULL, Object(Config\Cache), false)
#9 D:\software\xamp\htdocs\pro1\public\index.php(67): CodeIgniter\CodeIgniter->run()
#10 D:\software\xamp\htdocs\pro1\system\Commands\Server\rewrite.php(47): require_once('D:\\software\\xam...')
#11 {main}

Next CodeIgniter\Database\Exceptions\DatabaseException: No connection could be made because the target machine actively refused it in D:\software\xamp\htdocs\pro1\system\Database\MySQLi\Connection.php:218
Stack trace:
#0 D:\software\xamp\htdocs\pro1\system\Database\BaseConnection.php(391): CodeIgniter\Database\MySQLi\Connection->connect(false)
#1 D:\software\xamp\htdocs\pro1\system\Database\BaseConnection.php(574): CodeIgniter\Database\BaseConnection->initialize()
#2 D:\software\xamp\htdocs\pro1\system\Database\BaseBuilder.php(1616): CodeIgniter\Database\BaseConnection->query('SELECT *\nFROM `...', Array, false)
#3 D:\software\xamp\htdocs\pro1\app\Controllers\AuthController.php(276): CodeIgniter\Database\BaseBuilder->get()
#4 D:\software\xamp\htdocs\pro1\app\Controllers\AuthController.php(160): App\Controllers\AuthController->setcheck()
#5 D:\software\xamp\htdocs\pro1\system\CodeIgniter.php(932): App\Controllers\AuthController->login()
#6 D:\software\xamp\htdocs\pro1\system\CodeIgniter.php(497): CodeIgniter\CodeIgniter->runController(Object(App\Controllers\AuthController))
#7 D:\software\xamp\htdocs\pro1\system\CodeIgniter.php(366): CodeIgniter\CodeIgniter->handleRequest(NULL, Object(Config\Cache), false)
#8 D:\software\xamp\htdocs\pro1\public\index.php(67): CodeIgniter\CodeIgniter->run()
#9 D:\software\xamp\htdocs\pro1\system\Commands\Server\rewrite.php(47): require_once('D:\\software\\xam...')
#10 {main}
CRITICAL - 2023-08-07 15:40:41 --> Unable to connect to the database.
Main connection [MySQLi]: No connection could be made because the target machine actively refused it
in SYSTEMPATH\Database\BaseConnection.php on line 427.
 1 SYSTEMPATH\Database\BaseConnection.php(574): CodeIgniter\Database\BaseConnection->initialize()
 2 SYSTEMPATH\Database\BaseBuilder.php(1616): CodeIgniter\Database\BaseConnection->query('SELECT *
FROM `enroll`', [], false)
 3 APPPATH\Controllers\AuthController.php(276): CodeIgniter\Database\BaseBuilder->get()
 4 APPPATH\Controllers\AuthController.php(160): App\Controllers\AuthController->setcheck()
 5 SYSTEMPATH\CodeIgniter.php(932): App\Controllers\AuthController->login()
 6 SYSTEMPATH\CodeIgniter.php(497): CodeIgniter\CodeIgniter->runController(Object(App\Controllers\AuthController))
 7 SYSTEMPATH\CodeIgniter.php(366): CodeIgniter\CodeIgniter->handleRequest(null, Object(Config\Cache), false)
 8 FCPATH\index.php(67): CodeIgniter\CodeIgniter->run()
 9 SYSTEMPATH\Commands\Server\rewrite.php(47): require_once('D:\\software\\xamp\\htdocs\\pro1\\public\\index.php')
